<?xml version="1.0" encoding="UTF-8"?>
<!-- Generated by org.testng.reporters.JUnitReportReporter -->
<testsuite hostname="DESKTOP-QE3LLPE" failures="0" tests="6" name="testng.TestNG_2_Priority_Order" time="16.296" errors="0" timestamp="2024-02-24T17:11:37 IST" skipped="0">
  <testcase classname="testng.TestNG_2_Priority_Order" name="twitter" time="4.302"/>
  <system-out/>
  <testcase classname="testng.TestNG_2_Priority_Order" name="facebook" time="1.632"/>
  <system-out/>
  <testcase classname="testng.TestNG_2_Priority_Order" name="gmail" time="3.394"/>
  <system-out/>
  <testcase classname="testng.TestNG_2_Priority_Order" name="google" time="1.321"/>
  <system-out/>
  <testcase classname="testng.TestNG_2_Priority_Order" name="selenium" time="1.739"/>
  <system-out/>
  <testcase classname="testng.TestNG_2_Priority_Order" name="redmine" time="3.908"/>
  <system-out/>
</testsuite> <!-- testng.TestNG_2_Priority_Order -->
