<?xml version="1.0" encoding="UTF-8"?>
<!-- Generated by org.testng.reporters.JUnitReportReporter -->
<testsuite hostname="DESKTOP-QE3LLPE" failures="0" tests="1" name="sikuli.SikuliWebAutomation" time="12.382" errors="0" timestamp="2024-03-01T23:24:38 IST" skipped="0">
  <testcase classname="sikuli.SikuliWebAutomation" name="websikuliautomation" time="12.382"/>
  <system-out/>
</testsuite> <!-- sikuli.SikuliWebAutomation -->
