<?xml version="1.0" encoding="UTF-8"?>
<!-- Generated by org.testng.reporters.JUnitReportReporter -->
<testsuite hostname="DESKTOP-QE3LLPE" failures="0" tests="6" name="testng.TestNG_3_Skip_Ignore_Disable_TestScripts" time="10.534" errors="0" timestamp="2024-02-26T14:47:00 IST" skipped="3">
  <testcase classname="testng.TestNG_3_Skip_Ignore_Disable_TestScripts" name="facebook" time="1.923"/>
  <system-out/>
  <testcase classname="testng.TestNG_3_Skip_Ignore_Disable_TestScripts" name="selenium" time="2.797"/>
  <system-out/>
  <testcase classname="testng.TestNG_3_Skip_Ignore_Disable_TestScripts" name="redmine" time="5.814"/>
  <system-out/>
  <testcase classname="testng.TestNG_3_Skip_Ignore_Disable_TestScripts" name="google">
    <skipped/>
  </testcase> <!-- google -->
  <system-out/>
  <testcase classname="testng.TestNG_3_Skip_Ignore_Disable_TestScripts" name="gmail">
    <skipped/>
  </testcase> <!-- gmail -->
  <system-out/>
  <testcase classname="testng.TestNG_3_Skip_Ignore_Disable_TestScripts" name="twitter">
    <skipped/>
  </testcase> <!-- twitter -->
  <system-out/>
</testsuite> <!-- testng.TestNG_3_Skip_Ignore_Disable_TestScripts -->
