<?xml version="1.0" encoding="UTF-8"?>
<!-- Generated by org.testng.reporters.JUnitReportReporter -->
<testsuite hostname="DESKTOP-QE3LLPE" failures="0" tests="6" name="testng.TestNG_1_Alphabatical_Order" time="16.277" errors="0" timestamp="2024-02-24T16:48:23 IST" skipped="0">
  <testcase classname="testng.TestNG_1_Alphabatical_Order" name="google" time="1.301"/>
  <system-out/>
  <testcase classname="testng.TestNG_1_Alphabatical_Order" name="gmail" time="2.277"/>
  <system-out/>
  <testcase classname="testng.TestNG_1_Alphabatical_Order" name="redmine" time="4.986"/>
  <system-out/>
  <testcase classname="testng.TestNG_1_Alphabatical_Order" name="facebook" time="1.557"/>
  <system-out/>
  <testcase classname="testng.TestNG_1_Alphabatical_Order" name="selenium" time="1.524"/>
  <system-out/>
  <testcase classname="testng.TestNG_1_Alphabatical_Order" name="twitter" time="4.632"/>
  <system-out/>
</testsuite> <!-- testng.TestNG_1_Alphabatical_Order -->
