<?xml version="1.0" encoding="UTF-8"?>
<!-- Generated by org.testng.reporters.JUnitReportReporter -->
<testsuite hostname="DESKTOP-QE3LLPE" failures="0" tests="2" name="testng.TestNG_8_Groups" time="4.776" errors="0" timestamp="2024-02-26T15:06:37 IST" skipped="0">
  <testcase classname="testng.TestNG_8_Groups" name="swiggy" time="1.736"/>
  <system-out/>
  <testcase classname="testng.TestNG_8_Groups" name="zomato" time="3.040"/>
  <system-out/>
</testsuite> <!-- testng.TestNG_8_Groups -->
