<?xml version="1.0" encoding="UTF-8"?>
<!-- Generated by org.testng.reporters.JUnitReportReporter -->
<testsuite hostname="DESKTOP-QE3LLPE" failures="0" tests="2" name="testng.TestNG_5_DependsOnMethods" time="5.173" errors="0" timestamp="2024-02-24T17:19:55 IST" skipped="0">
  <testcase classname="testng.TestNG_5_DependsOnMethods" name="method1" time="3.578"/>
  <system-out/>
  <testcase classname="testng.TestNG_5_DependsOnMethods" name="method2" time="1.595"/>
  <system-out/>
</testsuite> <!-- testng.TestNG_5_DependsOnMethods -->
