<?xml version="1.0" encoding="UTF-8"?>
<!-- Generated by org.testng.reporters.JUnitReportReporter -->
<testsuite hostname="DESKTOP-QE3LLPE" failures="0" tests="3" name="testng.TestNG_4_TimeOut_Feature" time="15.817" errors="0" timestamp="2024-02-26T14:47:00 IST" skipped="0">
  <testcase classname="testng.TestNG_4_TimeOut_Feature" name="googleSelenium" time="4.153"/>
  <system-out/>
  <testcase classname="testng.TestNG_4_TimeOut_Feature" name="googleTestNG" time="3.332"/>
  <system-out/>
  <testcase classname="testng.TestNG_4_TimeOut_Feature" name="googleKeyboard" time="8.332"/>
  <system-out/>
</testsuite> <!-- testng.TestNG_4_TimeOut_Feature -->
