<?xml version="1.0" encoding="UTF-8"?>
<!-- Generated by org.testng.reporters.JUnitReportReporter -->
<testsuite hostname="DESKTOP-QE3LLPE" failures="0" tests="1" name="log4j.log4j" time="10.103" errors="0" timestamp="2024-03-05T18:39:17 IST" skipped="0">
  <testcase classname="log4j.log4j" name="googlesearch" time="10.103"/>
  <system-out/>
</testsuite> <!-- log4j.log4j -->
