<?xml version="1.0" encoding="UTF-8"?>
<!-- Generated by org.testng.reporters.JUnitReportReporter -->
<testsuite hostname="DESKTOP-QE3LLPE" failures="0" tests="1" name="sikuli.DesktopAutomation" time="13.684" errors="0" timestamp="2024-03-01T23:04:37 IST" skipped="0">
  <testcase classname="sikuli.DesktopAutomation" name="desktopautomation" time="13.684"/>
  <system-out/>
</testsuite> <!-- sikuli.DesktopAutomation -->
