<?xml version="1.0" encoding="UTF-8"?>
<!-- Generated by org.testng.reporters.JUnitReportReporter -->
<testsuite hostname="DESKTOP-QE3LLPE" failures="0" tests="1" name="demojava.DropdownValuesSelect" time="12.101" errors="0" timestamp="2024-02-26T16:03:09 IST" skipped="0">
  <testcase classname="demojava.DropdownValuesSelect" name="selectdropdownoptions" time="12.101"/>
  <system-out/>
</testsuite> <!-- demojava.DropdownValuesSelect -->
